0 info it worked if it ends with ok
1 verbose cli [ '/usr/local/bin/node', '/usr/local/bin/npm', 'start' ]
2 info using npm@3.9.5
3 info using node@v6.2.2
4 verbose run-script [ 'prestart', 'start', 'poststart' ]
5 info lifecycle @~prestart: @
6 silly lifecycle @~prestart: no script for prestart, continuing
7 info lifecycle @~start: @
8 verbose lifecycle @~start: unsafe-perm in lifecycle true
9 verbose lifecycle @~start: PATH: /usr/local/lib/node_modules/npm/bin/node-gyp-bin:/Users/lukeschunk/Documents/react-subjects/node_modules/.bin:/usr/local/bin:/Users/lukeschunk/.rvm/gems/ruby-2.3.0/bin:/Users/lukeschunk/.rvm/gems/ruby-2.3.0@global/bin:/Users/lukeschunk/.rvm/rubies/ruby-2.3.0/bin:/usr/local/bin:/usr/bin:/bin:/usr/sbin:/sbin:/Users/lukeschunk/.rvm/bin
10 verbose lifecycle @~start: CWD: /Users/lukeschunk/Documents/react-subjects
11 silly lifecycle @~start: Args: [ '-c',
11 silly lifecycle   'node ./scripts/build.js && webpack-dev-server --inline --content-base subjects' ]
12 silly lifecycle @~start: Returned: code: 1  signal: null
13 info lifecycle @~start: Failed to exec start script
14 verbose stack Error: @ start: `node ./scripts/build.js && webpack-dev-server --inline --content-base subjects`
14 verbose stack Exit status 1
14 verbose stack     at EventEmitter.<anonymous> (/usr/local/lib/node_modules/npm/lib/utils/lifecycle.js:245:16)
14 verbose stack     at emitTwo (events.js:106:13)
14 verbose stack     at EventEmitter.emit (events.js:191:7)
14 verbose stack     at ChildProcess.<anonymous> (/usr/local/lib/node_modules/npm/lib/utils/spawn.js:24:14)
14 verbose stack     at emitTwo (events.js:106:13)
14 verbose stack     at ChildProcess.emit (events.js:191:7)
14 verbose stack     at maybeClose (internal/child_process.js:852:16)
14 verbose stack     at Process.ChildProcess._handle.onexit (internal/child_process.js:215:5)
15 verbose pkgid @
16 verbose cwd /Users/lukeschunk/Documents/react-subjects
17 error Darwin 14.5.0
18 error argv "/usr/local/bin/node" "/usr/local/bin/npm" "start"
19 error node v6.2.2
20 error npm  v3.9.5
21 error code ELIFECYCLE
22 error @ start: `node ./scripts/build.js && webpack-dev-server --inline --content-base subjects`
22 error Exit status 1
23 error Failed at the @ start script 'node ./scripts/build.js && webpack-dev-server --inline --content-base subjects'.
23 error Make sure you have the latest version of node.js and npm installed.
23 error If you do, this is most likely a problem with the  package,
23 error not with npm itself.
23 error Tell the author that this fails on your system:
23 error     node ./scripts/build.js && webpack-dev-server --inline --content-base subjects
23 error You can get information on how to open an issue for this project with:
23 error     npm bugs
23 error Or if that isn't available, you can get their info via:
23 error     npm owner ls
23 error There is likely additional logging output above.
24 verbose exit [ 1, true ]
